[INFO] Scanning for projects...
[INFO] 
[INFO] --------------------------< com.example:demo >--------------------------
[INFO] Building demo 0.0.1-SNAPSHOT
[INFO]   from pom.xml
[INFO] --------------------------------[ jar ]---------------------------------
[INFO] 
[INFO] >>> spring-boot:3.2.5:run (default-cli) > test-compile @ demo >>>
[INFO] 
[INFO] --- resources:3.3.1:resources (default-resources) @ demo ---
[INFO] Copying 1 resource from src\main\resources to target\classes
[INFO] Copying 0 resource from src\main\resources to target\classes
[INFO] 
[INFO] --- compiler:3.11.0:compile (default-compile) @ demo ---
[INFO] Changes detected - recompiling the module! :source
[INFO] Compiling 22 source files with javac [debug release 17] to target\classes
[INFO] 
[INFO] --- resources:3.3.1:testResources (default-testResources) @ demo ---
[INFO] skip non existing resourceDirectory C:\Users\ASUS\security-incident-metrics-dashboard\backend\src\test\resources
[INFO] 
[INFO] --- compiler:3.11.0:testCompile (default-testCompile) @ demo ---
[INFO] Changes detected - recompiling the module! :dependency
[INFO] Compiling 1 source file with javac [debug release 17] to target\test-classes
[INFO] 
[INFO] <<< spring-boot:3.2.5:run (default-cli) < test-compile @ demo <<<
[INFO] 
[INFO] 
[INFO] --- spring-boot:3.2.5:run (default-cli) @ demo ---
[INFO] Attaching agents: []

  .   ____          _            __ _ _
 /\\ / ___'_ __ _ _(_)_ __  __ _ \ \ \ \
( ( )\___ | '_ | '_| | '_ \/ _` | \ \ \ \
 \\/  ___)| |_)| | | | | || (_| |  ) ) ) )
  '  |____| .__|_| |_|_| |_\__, | / / / /
 =========|_|==============|___/=/_/_/_/
 :: Spring Boot ::                (v3.2.5)

2026-04-25T20:25:09.383+05:30  INFO 5620 --- [demo] [           main] com.example.demo.DemoApplication         : Starting DemoApplication using Java 21.0.10 with PID 5620 (C:\Users\ASUS\security-incident-metrics-dashboard\backend\target\classes started by ASUS in C:\Users\ASUS\security-incident-metrics-dashboard\backend)
2026-04-25T20:25:09.386+05:30  INFO 5620 --- [demo] [           main] com.example.demo.DemoApplication         : No active profile set, falling back to 1 default profile: "default"
2026-04-25T20:25:10.652+05:30  INFO 5620 --- [demo] [           main] .s.d.r.c.RepositoryConfigurationDelegate : Multiple Spring Data modules found, entering strict repository configuration mode
2026-04-25T20:25:10.655+05:30  INFO 5620 --- [demo] [           main] .s.d.r.c.RepositoryConfigurationDelegate : Bootstrapping Spring Data JPA repositories in DEFAULT mode.
2026-04-25T20:25:10.925+05:30  INFO 5620 --- [demo] [           main] .s.d.r.c.RepositoryConfigurationDelegate : Finished Spring Data repository scanning in 259 ms. Found 2 JPA repository interfaces.
2026-04-25T20:25:10.951+05:30  INFO 5620 --- [demo] [           main] .s.d.r.c.RepositoryConfigurationDelegate : Multiple Spring Data modules found, entering strict repository configuration mode
2026-04-25T20:25:10.952+05:30  INFO 5620 --- [demo] [           main] .s.d.r.c.RepositoryConfigurationDelegate : Bootstrapping Spring Data Redis repositories in DEFAULT mode.
2026-04-25T20:25:10.976+05:30  INFO 5620 --- [demo] [           main] .RepositoryConfigurationExtensionSupport : Spring Data Redis - Could not safely identify store assignment for repository candidate interface com.example.demo.repository.IncidentRepository; If you want this repository to be a Redis repository, consider annotating your entities with one of these annotations: org.springframework.data.redis.core.RedisHash (preferred), or consider extending one of the following types with your repository: org.springframework.data.keyvalue.repository.KeyValueRepository
2026-04-25T20:25:10.977+05:30  INFO 5620 --- [demo] [           main] .RepositoryConfigurationExtensionSupport : Spring Data Redis - Could not safely identify store assignment for repository candidate interface com.example.demo.repository.UserRepository; If you want this repository to be a Redis repository, consider annotating your entities with one of these annotations: org.springframework.data.redis.core.RedisHash (preferred), or consider extending one of the following types with your repository: org.springframework.data.keyvalue.repository.KeyValueRepository
2026-04-25T20:25:10.977+05:30  INFO 5620 --- [demo] [           main] .s.d.r.c.RepositoryConfigurationDelegate : Finished Spring Data repository scanning in 11 ms. Found 0 Redis repository interfaces.
2026-04-25T20:25:11.982+05:30  INFO 5620 --- [demo] [           main] o.s.b.w.embedded.tomcat.TomcatWebServer  : Tomcat initialized with port 8080 (http)
2026-04-25T20:25:12.001+05:30  INFO 5620 --- [demo] [           main] o.apache.catalina.core.StandardService   : Starting service [Tomcat]
2026-04-25T20:25:12.002+05:30  INFO 5620 --- [demo] [           main] o.apache.catalina.core.StandardEngine    : Starting Servlet engine: [Apache Tomcat/10.1.20]
2026-04-25T20:25:12.170+05:30  INFO 5620 --- [demo] [           main] o.a.c.c.C.[Tomcat].[localhost].[/]       : Initializing Spring embedded WebApplicationContext
2026-04-25T20:25:12.171+05:30  INFO 5620 --- [demo] [           main] w.s.c.ServletWebServerApplicationContext : Root WebApplicationContext: initialization completed in 2710 ms
2026-04-25T20:25:12.435+05:30  INFO 5620 --- [demo] [           main] o.hibernate.jpa.internal.util.LogHelper  : HHH000204: Processing PersistenceUnitInfo [name: default]
2026-04-25T20:25:12.543+05:30  INFO 5620 --- [demo] [           main] org.hibernate.Version                    : HHH000412: Hibernate ORM core version 6.4.4.Final
2026-04-25T20:25:12.611+05:30  INFO 5620 --- [demo] [           main] o.h.c.internal.RegionFactoryInitiator    : HHH000026: Second-level cache disabled
2026-04-25T20:25:12.993+05:30  INFO 5620 --- [demo] [           main] o.s.o.j.p.SpringPersistenceUnitInfo      : No LoadTimeWeaver setup: ignoring JPA class transformer
2026-04-25T20:25:13.039+05:30  INFO 5620 --- [demo] [           main] com.zaxxer.hikari.HikariDataSource       : HikariPool-1 - Starting...
2026-04-25T20:25:13.396+05:30  INFO 5620 --- [demo] [           main] com.zaxxer.hikari.pool.HikariPool        : HikariPool-1 - Added connection org.postgresql.jdbc.PgConnection@2c668c2a
2026-04-25T20:25:13.398+05:30  INFO 5620 --- [demo] [           main] com.zaxxer.hikari.HikariDataSource       : HikariPool-1 - Start completed.
2026-04-25T20:25:14.879+05:30  INFO 5620 --- [demo] [           main] o.h.e.t.j.p.i.JtaPlatformInitiator       : HHH000489: No JTA platform available (set 'hibernate.transaction.jta.platform' to enable JTA platform integration)
2026-04-25T20:25:14.942+05:30  INFO 5620 --- [demo] [           main] j.LocalContainerEntityManagerFactoryBean : Initialized JPA EntityManagerFactory for persistence unit 'default'
2026-04-25T20:25:15.933+05:30  WARN 5620 --- [demo] [           main] JpaBaseConfiguration$JpaWebConfiguration : spring.jpa.open-in-view is enabled by default. Therefore, database queries may be performed during view rendering. Explicitly configure spring.jpa.open-in-view to disable this warning
2026-04-25T20:25:16.480+05:30  INFO 5620 --- [demo] [           main] o.s.s.web.DefaultSecurityFilterChain     : Will secure any request with [org.springframework.security.web.session.DisableEncodeUrlFilter@63be4548, org.springframework.security.web.context.request.async.WebAsyncManagerIntegrationFilter@232899d1, org.springframework.security.web.context.SecurityContextHolderFilter@7d453075, org.springframework.security.web.header.HeaderWriterFilter@6fa5fc67, org.springframework.web.filter.CorsFilter@522221e1, org.springframework.security.web.authentication.logout.LogoutFilter@7ecd6861, com.example.demo.security.JwtAuthFilter@5e1a986c, org.springframework.security.web.savedrequest.RequestCacheAwareFilter@29becf8b, org.springframework.security.web.servletapi.SecurityContextHolderAwareRequestFilter@628b1538, org.springframework.security.web.authentication.AnonymousAuthenticationFilter@14060410, org.springframework.security.web.session.SessionManagementFilter@6df0d030, org.springframework.security.web.access.ExceptionTranslationFilter@1cecd0a9, org.springframework.security.web.access.intercept.AuthorizationFilter@6ae55678]
2026-04-25T20:25:17.289+05:30  INFO 5620 --- [demo] [           main] o.s.b.w.embedded.tomcat.TomcatWebServer  : Tomcat started on port 8080 (http) with context path ''
2026-04-25T20:25:17.302+05:30  INFO 5620 --- [demo] [           main] com.example.demo.DemoApplication         : Started DemoApplication in 8.556 seconds (process running for 9.288)
2026-04-25T20:25:22.509+05:30  INFO 5620 --- [demo] [nio-8080-exec-2] o.a.c.c.C.[Tomcat].[localhost].[/]       : Initializing Spring DispatcherServlet 'dispatcherServlet'
2026-04-25T20:25:22.510+05:30  INFO 5620 --- [demo] [nio-8080-exec-2] o.s.web.servlet.DispatcherServlet        : Initializing Servlet 'dispatcherServlet'
2026-04-25T20:25:22.512+05:30  INFO 5620 --- [demo] [nio-8080-exec-2] o.s.web.servlet.DispatcherServlet        : Completed initialization in 1 ms
Hibernate: select count(*) from incident i1_0 where i1_0.id=?
Hibernate: select i1_0.id,i1_0.created_at,i1_0.description,i1_0.severity,i1_0.status,i1_0.title,i1_0.updated_at from incident i1_0 where i1_0.id=?
Hibernate: select i1_0.id,i1_0.created_at,i1_0.description,i1_0.severity,i1_0.status,i1_0.title,i1_0.updated_at from incident i1_0
Hibernate: select i1_0.id,i1_0.created_at,i1_0.description,i1_0.severity,i1_0.status,i1_0.title,i1_0.updated_at from incident i1_0 where i1_0.id=?
Hibernate: select i1_0.id,i1_0.created_at,i1_0.description,i1_0.severity,i1_0.status,i1_0.title,i1_0.updated_at from incident i1_0
Hibernate: select i1_0.id,i1_0.created_at,i1_0.description,i1_0.severity,i1_0.status,i1_0.title,i1_0.updated_at from incident i1_0 where i1_0.id=?
Hibernate: select i1_0.id,i1_0.created_at,i1_0.description,i1_0.severity,i1_0.status,i1_0.title,i1_0.updated_at from incident i1_0 where i1_0.id=?
Hibernate: select count(*) from incident i1_0 where i1_0.id=?
